[    0.000000] Linux version 4.15.0-135-generic (buildd@lgw01-amd64-005) (gcc version 7.5.0 (Ubuntu 7.5.0-3ubuntu1~18.04)) #139-Ubuntu SMP Mon Jan 18 17:38:24 UTC 2021 (Ubuntu 4.15.0-135.139-generic 4.15.18)
[    0.000000] Command line: BOOT_IMAGE=/boot/vmlinuz-4.15.0-135-generic root=LABEL=cloudimg-rootfs ro console=tty1 console=ttyS0
[    0.000000] KERNEL supported cpus:
[    0.000000]   Intel GenuineIntel
[    0.000000]   AMD AuthenticAMD
[    0.000000]   Centaur CentaurHauls
[    0.000000] x86/fpu: Supporting XSAVE feature 0x001: 'x87 floating point registers'
[    0.000000] x86/fpu: Supporting XSAVE feature 0x002: 'SSE registers'
[    0.000000] x86/fpu: Supporting XSAVE feature 0x004: 'AVX registers'
[    0.000000] x86/fpu: xstate_offset[2]:  576, xstate_sizes[2]:  256
[    0.000000] x86/fpu: Enabled xstate features 0x7, context size is 832 bytes, using 'standard' format.
[    0.000000] e820: BIOS-provided physical RAM map:
[    0.000000] BIOS-e820: [mem 0x0000000000000000-0x000000000009fbff] usable
[    0.000000] BIOS-e820: [mem 0x000000000009fc00-0x000000000009ffff] reserved
[    0.000000] BIOS-e820: [mem 0x00000000000f0000-0x00000000000fffff] reserved
[    0.000000] BIOS-e820: [mem 0x0000000000100000-0x000000003ffeffff] usable
[    0.000000] BIOS-e820: [mem 0x000000003fff0000-0x000000003fffffff] ACPI data
[    0.000000] BIOS-e820: [mem 0x00000000fec00000-0x00000000fec00fff] reserved
[    0.000000] BIOS-e820: [mem 0x00000000fee00000-0x00000000fee00fff] reserved
[    0.000000] BIOS-e820: [mem 0x00000000fffc0000-0x00000000ffffffff] reserved
[    0.000000] NX (Execute Disable) protection: active
[    0.000000] SMBIOS 2.5 present.
[    0.000000] DMI: innotek GmbH VirtualBox/VirtualBox, BIOS VirtualBox 12/01/2006
[    0.000000] Hypervisor detected: KVM
[    0.000000] e820: last_pfn = 0x3fff0 max_arch_pfn = 0x400000000
[    0.000000] MTRR: Disabled
[    0.000000] x86/PAT: MTRRs disabled, skipping PAT initialization too.
[    0.000000] CPU MTRRs all blank - virtualized system.
[    0.000000] x86/PAT: Configuration [0-7]: WB  WT  UC- UC  WB  WT  UC- UC  
[    0.000000] found SMP MP-table at [mem 0x0009fff0-0x0009ffff]
[    0.000000] Scanning 1 areas for low memory corruption
[    0.000000] RAMDISK: [mem 0x35a63000-0x36d28fff]
[    0.000000] ACPI: Early table checksum verification disabled
[    0.000000] ACPI: RSDP 0x00000000000E0000 000024 (v02 VBOX  )
[    0.000000] ACPI: XSDT 0x000000003FFF0030 00003C (v01 VBOX   VBOXXSDT 00000001 ASL  00000061)
[    0.000000] ACPI: FACP 0x000000003FFF00F0 0000F4 (v04 VBOX   VBOXFACP 00000001 ASL  00000061)
[    0.000000] ACPI: DSDT 0x000000003FFF0470 002325 (v02 VBOX   VBOXBIOS 00000002 INTL 20201113)
[    0.000000] ACPI: FACS 0x000000003FFF0200 000040
[    0.000000] ACPI: FACS 0x000000003FFF0200 000040
[    0.000000] ACPI: APIC 0x000000003FFF0240 00005C (v02 VBOX   VBOXAPIC 00000001 ASL  00000061)
[    0.000000] ACPI: SSDT 0x000000003FFF02A0 0001CC (v01 VBOX   VBOXCPUT 00000002 INTL 20201113)
[    0.000000] No NUMA configuration found
[    0.000000] Faking a node at [mem 0x0000000000000000-0x000000003ffeffff]
[    0.000000] NODE_DATA(0) allocated [mem 0x3ffc5000-0x3ffeffff]
[    0.000000] kvm-clock: cpu 0, msr 0:3ff44001, primary cpu clock
[    0.000000] kvm-clock: Using msrs 4b564d01 and 4b564d00
[    0.000000] kvm-clock: using sched offset of 3290276544 cycles
[    0.000000] clocksource: kvm-clock: mask: 0xffffffffffffffff max_cycles: 0x1cd42e4dffb, max_idle_ns: 881590591483 ns
[    0.000000] Zone ranges:
[    0.000000]   DMA      [mem 0x0000000000001000-0x0000000000ffffff]
[    0.000000]   DMA32    [mem 0x0000000001000000-0x000000003ffeffff]
[    0.000000]   Normal   empty
[    0.000000]   Device   empty
[    0.000000] Movable zone start for each node
[    0.000000] Early memory node ranges
[    0.000000]   node   0: [mem 0x0000000000001000-0x000000000009efff]
[    0.000000]   node   0: [mem 0x0000000000100000-0x000000003ffeffff]
[    0.000000] Reserved but unavailable: 98 pages
[    0.000000] Initmem setup node 0 [mem 0x0000000000001000-0x000000003ffeffff]
[    0.000000] ACPI: PM-Timer IO Port: 0x4008
[    0.000000] IOAPIC[0]: apic_id 2, version 32, address 0xfec00000, GSI 0-23
[    0.000000] ACPI: INT_SRC_OVR (bus 0 bus_irq 0 global_irq 2 dfl dfl)
[    0.000000] ACPI: INT_SRC_OVR (bus 0 bus_irq 9 global_irq 9 low level)
[    0.000000] Using ACPI (MADT) for SMP configuration information
[    0.000000] smpboot: Allowing 2 CPUs, 0 hotplug CPUs
[    0.000000] PM: Registered nosave memory: [mem 0x00000000-0x00000fff]
[    0.000000] PM: Registered nosave memory: [mem 0x0009f000-0x0009ffff]
[    0.000000] PM: Registered nosave memory: [mem 0x000a0000-0x000effff]
[    0.000000] PM: Registered nosave memory: [mem 0x000f0000-0x000fffff]
[    0.000000] e820: [mem 0x40000000-0xfebfffff] available for PCI devices
[    0.000000] Booting paravirtualized kernel on KVM
[    0.000000] clocksource: refined-jiffies: mask: 0xffffffff max_cycles: 0xffffffff, max_idle_ns: 7645519600211568 ns
[    0.000000] random: get_random_bytes called from start_kernel+0x99/0x500 with crng_init=0
[    0.000000] setup_percpu: NR_CPUS:8192 nr_cpumask_bits:2 nr_cpu_ids:2 nr_node_ids:1
[    0.000000] percpu: Embedded 45 pages/cpu s147456 r8192 d28672 u1048576
[    0.000000] PV qspinlock hash table entries: 256 (order: 0, 4096 bytes)
[    0.000000] Built 1 zonelists, mobility grouping on.  Total pages: 257913
[    0.000000] Policy zone: DMA32
[    0.000000] Kernel command line: BOOT_IMAGE=/boot/vmlinuz-4.15.0-135-generic root=LABEL=cloudimg-rootfs ro console=tty1 console=ttyS0
[    0.000000] Memory: 983020K/1048120K available (12300K kernel code, 2482K rwdata, 4276K rodata, 2440K init, 2724K bss, 65100K reserved, 0K cma-reserved)
[    0.000000] SLUB: HWalign=64, Order=0-3, MinObjects=0, CPUs=2, Nodes=1
[    0.000000] Kernel/User page tables isolation: enabled
[    0.000000] ftrace: allocating 39422 entries in 154 pages
[    0.004000] Hierarchical RCU implementation.
[    0.004000] 	RCU restricting CPUs from NR_CPUS=8192 to nr_cpu_ids=2.
[    0.004000] 	Tasks RCU enabled.
[    0.004000] RCU: Adjusting geometry for rcu_fanout_leaf=16, nr_cpu_ids=2
[    0.004000] NR_IRQS: 524544, nr_irqs: 440, preallocated irqs: 16
[    0.004000] Console: colour VGA+ 80x25
[    0.004000] console [tty1] enabled
[    0.004000] console [ttyS0] enabled
[    0.004000] ACPI: Core revision 20170831
[    0.004000] ACPI: 2 ACPI AML tables successfully acquired and loaded
[    0.004000] APIC: Switch to symmetric I/O mode setup
[    0.004000] x2apic enabled
[    0.004000] Switched APIC routing to physical x2apic.
[    0.004000] ..TIMER: vector=0x30 apic1=0 pin1=2 apic2=-1 pin2=-1
[    0.004000] tsc: Detected 1799.994 MHz processor
[    0.004010] Calibrating delay loop (skipped) preset value.. 3599.98 BogoMIPS (lpj=7199976)
[    0.005059] pid_max: default: 32768 minimum: 301
[    0.005794] Security Framework initialized
[    0.006445] Yama: becoming mindful.
[    0.006952] AppArmor: AppArmor initialized
[    0.008586] Dentry cache hash table entries: 131072 (order: 8, 1048576 bytes)
[    0.009536] Inode-cache hash table entries: 65536 (order: 7, 524288 bytes)
[    0.010404] Mount-cache hash table entries: 2048 (order: 2, 16384 bytes)
[    0.011241] Mountpoint-cache hash table entries: 2048 (order: 2, 16384 bytes)
[    0.012235] Last level iTLB entries: 4KB 64, 2MB 8, 4MB 8
[    0.012929] Last level dTLB entries: 4KB 64, 2MB 0, 4MB 0, 1GB 4
[    0.013685] Spectre V1 : Mitigation: usercopy/swapgs barriers and __user pointer sanitization
[    0.014762] Spectre V2 : Mitigation: Full generic retpoline
[    0.015473] Spectre V2 : Spectre v2 / SpectreRSB mitigation: Filling RSB on context switch
[    0.016002] Speculative Store Bypass: Vulnerable
[    0.016642] SRBDS: Unknown: Dependent on hypervisor status
[    0.017341] MDS: Mitigation: Clear CPU buffers
[    0.018140] Freeing SMP alternatives memory: 36K
[    0.129290] smpboot: CPU0: Intel(R) Core(TM) i5-8265U CPU @ 1.60GHz (family: 0x6, model: 0x8e, stepping: 0xc)
[    0.130711] Performance Events: unsupported p6 CPU model 142 no PMU driver, software events only.
[    0.131866] Hierarchical SRCU implementation.
[    0.132000] NMI watchdog: Perf event create on CPU 0 failed with -2
[    0.132002] NMI watchdog: Perf NMI watchdog permanently disabled
[    0.132802] smp: Bringing up secondary CPUs ...
[    0.133519] x86: Booting SMP configuration:
[    0.134080] .... node  #0, CPUs:      #1
[    0.004000] kvm-clock: cpu 1, msr 0:3ff44041, secondary cpu clock
[    0.136016] smp: Brought up 1 node, 2 CPUs
[    0.137432] smpboot: Max logical packages: 1
[    0.138937] smpboot: Total of 2 processors activated (7199.97 BogoMIPS)
[    0.140108] devtmpfs: initialized
[    0.140506] x86/mm: Memory block size: 128MB
[    0.141182] evm: security.selinux
[    0.144003] evm: security.SMACK64
[    0.144461] evm: security.SMACK64EXEC
[    0.144962] evm: security.SMACK64TRANSMUTE
[    0.145508] evm: security.SMACK64MMAP
[    0.146008] evm: security.apparmor
[    0.146473] evm: security.ima
[    0.146891] evm: security.capability
[    0.147416] clocksource: jiffies: mask: 0xffffffff max_cycles: 0xffffffff, max_idle_ns: 7645041785100000 ns
[    0.148010] futex hash table entries: 512 (order: 3, 32768 bytes)
[    0.149380] pinctrl core: initialized pinctrl subsystem
[    0.150156] RTC time: 20:50:59, date: 02/08/21
[    0.150941] NET: Registered protocol family 16
[    0.152064] audit: initializing netlink subsys (disabled)
[    0.152775] audit: type=2000 audit(1612817464.220:1): state=initialized audit_enabled=0 res=1
[    0.152775] cpuidle: using governor ladder
[    0.152775] cpuidle: using governor menu
[    0.153157] ACPI: bus type PCI registered
[    0.156004] acpiphp: ACPI Hot Plug PCI Controller Driver version: 0.5
[    0.156897] PCI: Using configuration type 1 for base access
[    0.157657] HugeTLB registered 2.00 MiB page size, pre-allocated 0 pages
[    0.157657] ACPI: Added _OSI(Module Device)
[    0.160003] ACPI: Added _OSI(Processor Device)
[    0.160577] ACPI: Added _OSI(3.0 _SCP Extensions)
[    0.161216] ACPI: Added _OSI(Processor Aggregator Device)
[    0.161895] ACPI: Added _OSI(Linux-Dell-Video)
[    0.162466] ACPI: Added _OSI(Linux-Lenovo-NV-HDMI-Audio)
[    0.163137] ACPI: Added _OSI(Linux-HPI-Hybrid-Graphics)
[    0.164255] ACPI: Executed 1 blocks of module-level executable AML code
[    0.167723] ACPI: Interpreter enabled
[    0.168011] ACPI: (supports S0 S5)
[    0.168467] ACPI: Using IOAPIC for interrupt routing
[    0.169311] PCI: Using host bridge windows from ACPI; if necessary, use "pci=nocrs" and report a bug
[    0.170587] ACPI: Enabled 2 GPEs in block 00 to 07
[    0.176221] ACPI: PCI Root Bridge [PCI0] (domain 0000 [bus 00-ff])
[    0.176992] acpi PNP0A03:00: _OSC: OS supports [ASPM ClockPM Segments MSI]
[    0.178285] acpi PNP0A03:00: _OSC: not requesting OS control; OS requires [ExtendedConfig ASPM ClockPM MSI]
[    0.179525] acpi PNP0A03:00: fail to add MMCONFIG information, can't access extended PCI configuration space under this bridge.
[    0.180293] PCI host bridge to bus 0000:00
[    0.180901] pci_bus 0000:00: root bus resource [io  0x0000-0x0cf7 window]
[    0.181762] pci_bus 0000:00: root bus resource [io  0x0d00-0xffff window]
[    0.182680] pci_bus 0000:00: root bus resource [mem 0x000a0000-0x000bffff window]
[    0.184002] pci_bus 0000:00: root bus resource [mem 0x40000000-0xfdffffff window]
[    0.184947] pci_bus 0000:00: root bus resource [bus 00-ff]
[    0.187054] pci 0000:00:01.1: legacy IDE quirk: reg 0x10: [io  0x01f0-0x01f7]
[    0.188002] pci 0000:00:01.1: legacy IDE quirk: reg 0x14: [io  0x03f6]
[    0.188799] pci 0000:00:01.1: legacy IDE quirk: reg 0x18: [io  0x0170-0x0177]
[    0.190214] pci 0000:00:01.1: legacy IDE quirk: reg 0x1c: [io  0x0376]
[    0.203309] pci 0000:00:07.0: quirk: [io  0x4000-0x403f] claimed by PIIX4 ACPI
[    0.204026] pci 0000:00:07.0: quirk: [io  0x4100-0x410f] claimed by PIIX4 SMB
[    0.209407] ACPI: PCI Interrupt Link [LNKA] (IRQs 5 9 10 *11)
[    0.210424] ACPI: PCI Interrupt Link [LNKB] (IRQs 5 9 *10 11)
[    0.211270] ACPI: PCI Interrupt Link [LNKC] (IRQs 5 *9 10 11)
[    0.212086] ACPI: PCI Interrupt Link [LNKD] (IRQs 5 9 10 *11)
[    0.213192] SCSI subsystem initialized
[    0.213810] pci 0000:00:02.0: vgaarb: setting as boot VGA device
[    0.213810] pci 0000:00:02.0: vgaarb: VGA device added: decodes=io+mem,owns=io+mem,locks=none
[    0.216027] pci 0000:00:02.0: vgaarb: bridge control possible
[    0.216762] vgaarb: loaded
[    0.217169] ACPI: bus type USB registered
[    0.217780] usbcore: registered new interface driver usbfs
[    0.218509] usbcore: registered new interface driver hub
[    0.219224] usbcore: registered new device driver usb
[    0.220063] EDAC MC: Ver: 3.0.0
[    0.220661] PCI: Using ACPI for IRQ routing
[    0.220857] NetLabel: Initializing
[    0.221314] NetLabel:  domain hash size = 128
[    0.221875] NetLabel:  protocols = UNLABELED CIPSOv4 CALIPSO
[    0.222587] NetLabel:  unlabeled traffic allowed by default
[    0.224060] clocksource: Switched to clocksource kvm-clock
[    0.233910] VFS: Disk quotas dquot_6.6.0
[    0.234495] VFS: Dquot-cache hash table entries: 512 (order 0, 4096 bytes)
[    0.235436] AppArmor: AppArmor Filesystem Enabled
[    0.236102] pnp: PnP ACPI init
[    0.237257] pnp: PnP ACPI: found 3 devices
[    0.245781] clocksource: acpi_pm: mask: 0xffffff max_cycles: 0xffffff, max_idle_ns: 2085701024 ns
[    0.246966] NET: Registered protocol family 2
[    0.247708] TCP established hash table entries: 8192 (order: 4, 65536 bytes)
[    0.248680] TCP bind hash table entries: 8192 (order: 5, 131072 bytes)
[    0.249995] TCP: Hash tables configured (established 8192 bind 8192)
[    0.250851] UDP hash table entries: 512 (order: 2, 16384 bytes)
[    0.251631] UDP-Lite hash table entries: 512 (order: 2, 16384 bytes)
[    0.252477] NET: Registered protocol family 1
[    0.253055] pci 0000:00:00.0: Limiting direct PCI/PCI transfers
[    0.253852] pci 0000:00:01.0: Activating ISA DMA hang workarounds
[    0.254687] pci 0000:00:02.0: Video device with shadowed ROM at [mem 0x000c0000-0x000dffff]
[    0.255788] Unpacking initramfs...
[    0.490592] Freeing initrd memory: 19224K
[    0.491397] clocksource: tsc: mask: 0xffffffffffffffff max_cycles: 0x19f223e7522, max_idle_ns: 440795275847 ns
[    0.492750] platform rtc_cmos: registered platform RTC device (no PNP device found)
[    0.493767] Scanning for low memory corruption every 60 seconds
[    0.495148] Initialise system trusted keyrings
[    0.495751] Key type blacklist registered
[    0.496426] workingset: timestamp_bits=36 max_order=18 bucket_order=0
[    0.497961] zbud: loaded
[    0.499618] squashfs: version 4.0 (2009/01/31) Phillip Lougher
[    0.501020] fuse init (API version 7.26)
[    0.503149] Key type asymmetric registered
[    0.503696] Asymmetric key parser 'x509' registered
[    0.504386] Block layer SCSI generic (bsg) driver version 0.4 loaded (major 246)
[    0.505409] io scheduler noop registered
[    0.505933] io scheduler deadline registered
[    0.506519] io scheduler cfq registered (default)
[    0.507388] ACPI: AC Adapter [AC] (on-line)
[    0.507988] input: Power Button as /devices/LNXSYSTM:00/LNXPWRBN:00/input/input0
[    0.509074] ACPI: Power Button [PWRF]
[    0.509611] input: Sleep Button as /devices/LNXSYSTM:00/LNXSLPBN:00/input/input1
[    0.510552] ACPI: Sleep Button [SLPF]
[    0.511914] ACPI: Battery Slot [BAT0] (battery present)
[    0.512134] Serial: 8250/16550 driver, 32 ports, IRQ sharing enabled
[    0.533913] 00:02: ttyS0 at I/O 0x3f8 (irq = 4, base_baud = 115200) is a 16550A
[    0.536021] Linux agpgart interface v0.103
[    0.537837] loop: module loaded
[    0.538883] scsi host0: ata_piix
[    0.539663] scsi host1: ata_piix
[    0.540151] ata1: PATA max UDMA/33 cmd 0x1f0 ctl 0x3f6 bmdma 0xd000 irq 14
[    0.541090] ata2: PATA max UDMA/33 cmd 0x170 ctl 0x376 bmdma 0xd008 irq 15
[    0.542028] libphy: Fixed MDIO Bus: probed
[    0.542588] tun: Universal TUN/TAP device driver, 1.6
[    0.543276] PPP generic driver version 2.4.2
[    0.543882] ehci_hcd: USB 2.0 'Enhanced' Host Controller (EHCI) Driver
[    0.544749] ehci-pci: EHCI PCI platform driver
[    0.545357] ehci-platform: EHCI generic platform driver
[    0.546009] ohci_hcd: USB 1.1 'Open' Host Controller (OHCI) Driver
[    0.546770] ohci-pci: OHCI PCI platform driver
[    0.547338] ohci-platform: OHCI generic platform driver
[    0.548045] uhci_hcd: USB Universal Host Controller Interface driver
[    0.548967] i8042: PNP: PS/2 Controller [PNP0303:PS2K,PNP0f03:PS2M] at 0x60,0x64 irq 1,12
[    0.550575] serio: i8042 KBD port at 0x60,0x64 irq 1
[    0.551271] serio: i8042 AUX port at 0x60,0x64 irq 12
[    0.551955] mousedev: PS/2 mouse device common for all mice
[    0.553021] input: AT Translated Set 2 keyboard as /devices/platform/i8042/serio0/input/input2
[    0.554504] rtc_cmos rtc_cmos: rtc core: registered rtc_cmos as rtc0
[    0.555353] rtc_cmos rtc_cmos: alarms up to one day, 114 bytes nvram
[    0.556208] i2c /dev entries driver
[    0.556787] device-mapper: uevent: version 1.0.3
[    0.557469] device-mapper: ioctl: 4.37.0-ioctl (2017-09-20) initialised: dm-devel@redhat.com
[    0.558790] ledtrig-cpu: registered to indicate activity on CPUs
[    0.559832] NET: Registered protocol family 10
[    0.563327] Segment Routing with IPv6
[    0.563852] NET: Registered protocol family 17
[    0.564511] Key type dns_resolver registered
[    0.565209] mce: Using 0 MCE banks
[    0.565676] RAS: Correctable Errors collector initialized.
[    0.566372] sched_clock: Marking stable (565153403, 0)->(678910890, -113757487)
[    0.567581] registered taskstats version 1
[    0.568213] Loading compiled-in X.509 certificates
[    0.570652] Loaded X.509 cert 'Build time autogenerated kernel key: 399a566a2ea98257ce6f7132c633527e9761cd56'
[    0.571976] zswap: loaded using pool lzo/zbud
[    0.575435] Key type big_key registered
[    0.575977] Key type trusted registered
[    0.578028] Key type encrypted registered
[    0.578578] AppArmor: AppArmor sha1 policy hashing enabled
[    0.579282] ima: No TPM chip found, activating TPM-bypass! (rc=-19)
[    0.580067] ima: Allocated hash algorithm: sha1
[    0.580709] evm: HMAC attrs: 0x1
[    0.581313]   Magic number: 9:485:851
[    0.581820]  index3: hash matches
[    0.582284]  index3: hash matches
[    0.582849] rtc_cmos rtc_cmos: setting system clock to 2021-02-08 20:50:59 UTC (1612817459)
[    0.584102] BIOS EDD facility v0.16 2004-Jun-25, 0 devices found
[    0.584933] EDD information not available.
[    0.735743] Freeing unused kernel image memory: 2440K
[    0.748107] Write protecting the kernel read-only data: 20480k
[    0.750357] Freeing unused kernel image memory: 2008K
[    0.753774] Freeing unused kernel image memory: 1868K
[    0.767917] x86/mm: Checked W+X mappings: passed, no W+X pages found.
[    0.769317] x86/mm: Checking user space page tables
[    0.779096] x86/mm: Checked W+X mappings: passed, no W+X pages found.
Loading, please wait...
starting version 237
[    0.833391] e1000: Intel(R) PRO/1000 Network Driver - version 7.3.21-k8-NAPI
[    0.834370] e1000: Copyright (c) 1999-2006 Intel Corporation.
[    0.841472] Fusion MPT base driver 3.04.20
[    0.842108] Copyright (c) 1999-2008 LSI Corporation
[    0.847569] Fusion MPT SPI Host driver 3.04.20
[    0.851643] AVX2 version of gcm_enc/dec engaged.
[    0.852297] AES CTR mode by8 optimization enabled
[    1.080096] input: ImExPS/2 Generic Explorer Mouse as /devices/platform/i8042/serio1/input/input4
[    1.440924] e1000 0000:00:03.0 eth0: (PCI:33MHz:32-bit) 02:ed:54:94:72:f1
[    1.445280] e1000 0000:00:03.0 eth0: Intel(R) PRO/1000 Network Connection
[    1.448548] mptbase: ioc0: Initiating bringup
[    1.448749] e1000 0000:00:03.0 enp0s3: renamed from eth0
[    1.565003] ioc0: LSI53C1030 A0: Capabilities={Initiator}
[    1.815638] scsi host2: ioc0: LSI53C1030 A0, FwRev=00000000h, Ports=1, MaxQ=256, IRQ=20
[    1.990805] scsi 2:0:0:0: Direct-Access     VBOX     HARDDISK         1.0  PQ: 0 ANSI: 5
[    2.620833] scsi target2:0:0: Beginning Domain Validation
[    2.625495] scsi target2:0:0: Domain Validation skipping write tests
[    2.626951] scsi target2:0:0: Ending Domain Validation
[    2.628226] scsi target2:0:0: asynchronous
[    2.629794] scsi 2:0:1:0: Direct-Access     VBOX     HARDDISK         1.0  PQ: 0 ANSI: 5
[    3.512479] scsi target2:0:1: Beginning Domain Validation
[    3.519102] random: fast init done
[    3.520116] scsi target2:0:1: Domain Validation skipping write tests
[    3.521673] scsi target2:0:1: Ending Domain Validation
[    3.522955] scsi target2:0:1: asynchronous
[    3.528550] random: systemd-udevd: uninitialized urandom read (16 bytes read)
[    3.530098] random: systemd-udevd: uninitialized urandom read (16 bytes read)
[    3.531531] random: systemd-udevd: uninitialized urandom read (16 bytes read)
[    3.533341] sd 2:0:0:0: [sda] 83886080 512-byte logical blocks: (42.9 GB/40.0 GiB)
[    3.534977] sd 2:0:0:0: [sda] Write Protect is off
[    3.536114] sd 2:0:0:0: [sda] Incomplete mode parameter data
[    3.537264] sd 2:0:0:0: [sda] Assuming drive cache: write through
[    3.539180] sd 2:0:0:0: Attached scsi generic sg0 type 0
[    3.541224] sd 2:0:1:0: [sdb] 20480 512-byte logical blocks: (10.5 MB/10.0 MiB)
[    3.542824]  sda: sda1
[    3.543383] sd 2:0:1:0: [sdb] Write Protect is off
[    3.545199] sd 2:0:1:0: Attached scsi generic sg1 type 0
[    3.545331] sd 2:0:1:0: [sdb] Incomplete mode parameter data
[    3.547341] sd 2:0:1:0: [sdb] Assuming drive cache: write through
[    3.548808] sd 2:0:0:0: [sda] Attached SCSI disk
[    3.551069] sd 2:0:1:0: [sdb] Attached SCSI disk
Begin: Loading essential drivers ... [    5.028063] raid6: sse2x1   gen() 12928 MB/s
[    5.076062] raid6: sse2x1   xor()  7231 MB/s
[    5.124047] raid6: sse2x2   gen() 15833 MB/s
[    5.172057] raid6: sse2x2   xor() 10359 MB/s
[    5.220058] raid6: sse2x4   gen() 17040 MB/s
[    5.268044] raid6: sse2x4   xor() 10119 MB/s
[    5.316017] raid6: avx2x1   gen() 26269 MB/s
[    5.364058] raid6: avx2x1   xor() 15260 MB/s
[    5.412060] raid6: avx2x2   gen() 30463 MB/s
[    5.460019] raid6: avx2x2   xor() 18293 MB/s
[    5.508045] raid6: avx2x4   gen() 33572 MB/s
[    5.556044] raid6: avx2x4   xor() 19631 MB/s
[    5.556754] raid6: using algorithm avx2x4 gen() 33572 MB/s
[    5.557570] raid6: .... xor() 19631 MB/s, rmw enabled
[    5.558293] raid6: using avx2x2 recovery algorithm
[    5.560128] xor: automatically using best checksumming function   avx       
[    5.561947] async_tx: api initialized (async)
done.
Begin: Running /scripts/init-premount ... done.
Begin: Mounting root file system ... Begin: Running /scripts/local-top ... done.
Begin: Running /scripts/local-premount ... [    5.602035] Btrfs loaded, crc32c=crc32c-intel
Scanning for Btrfs filesystems
done.
Warning: fsck not present, so skipping root file system
[    5.627835] EXT4-fs (sda1): mounted filesystem with ordered data mode. Opts: (null)
done.
Begin: Running /scripts/local-bottom ... done.
Begin: Running /scripts/init-bottom ... done.
[    5.875107] ip_tables: (C) 2000-2006 Netfilter Core Team
[    5.898334] systemd[1]: systemd 237 running in system mode. (+PAM +AUDIT +SELINUX +IMA +APPARMOR +SMACK +SYSVINIT +UTMP +LIBCRYPTSETUP +GCRYPT +GNUTLS +ACL +XZ +LZ4 +SECCOMP +BLKID +ELFUTILS +KMOD -IDN2 +IDN -PCRE2 default-hierarchy=hybrid)
[    5.906365] systemd[1]: Detected virtualization oracle.
[    5.907870] systemd[1]: Detected architecture x86-64.

Welcome to [1mUbuntu 18.04.5 LTS[0m!

[    5.917043] systemd[1]: Set hostname to <ubuntu>.
[    5.921658] systemd[1]: Initializing machine ID from random generator.
[    5.922768] systemd[1]: Installed transient /etc/machine-id file.
[    6.216973] systemd[1]: Reached target System Time Synchronized.
[[0;32m  OK  [0m] Reached target System Time Synchronized.
[    6.218491] systemd[1]: Reached target Swap.
[[0;32m  OK  [0m] Reached target Swap.
[    6.219685] systemd[1]: Set up automount Arbitrary Executable File Formats File System Automount Point.
[[0;32m  OK  [0m] Set up automount Arbitrary Executab…rmats File System Automount Point.
[    6.221699] systemd[1]: Reached target User and Group Name Lookups.
[[0;32m  OK  [0m] Reached target User and Group Name Lookups.
[[0;32m  OK  [0m] Created slice System Slice.
[[0;32m  OK  [0m] Listening on Device-mapper event daemon FIFOs.
[[0;32m  OK  [0m] Listening on LVM2 poll daemon socket.
[[0;32m  OK  [0m] Created slice system-serial\x2dgetty.slice.
[[0;32m  OK  [0m] Listening on Network Service Netlink Socket.
[[0;32m  OK  [0m] Listening on LVM2 metadata daemon socket.
[[0;32m  OK  [0m] Listening on Journal Socket.
         Starting Set the console keyboard layout...
         Starting Load Kernel Modules...
         Mounting Huge Pages File System...
         Mounting POSIX Message Queue File System...
[    6.285188] Loading iSCSI transport class v2.0-870.
[    6.292971] iscsi: registered transport (tcp)
[    6.309512] iscsi: registered transport (iser)
[[0;32m  OK  [0m] Listening on udev Control Socket.
         Starting Create list of required st…ce nodes for the current kernel...
         Mounting Kernel Debug File System...
         Starting Uncomplicated firewall...
[[0;32m  OK  [0m] Started Forward Password Requests to Wall Directory Watch.
         Starting Monitoring of LVM2 mirrors…ng dmeventd or progress polling...
[[0;32m  OK  [0m] Created slice User and Session Slice.
[[0;32m  OK  [0m] Reached target Slices.
[[0;32m  OK  [0m] Listening on Syslog Socket.
[[0;32m  OK  [0m] Listening on Journal Socket (/dev/log).
         Starting Remount Root and Kernel File Systems...
[[0;32m  OK  [0m] Listening on /dev/initctl Compatibility Named Pipe.
[[0;32m  OK  [0m] Listening on udev Kernel Socket.
         Starting udev Coldplug all Devices...
[[0;32m  OK  [0m] Listening on Journal Audit Socket.
         Starting Journal Service...
[[0;32m  OK  [0m] Started Load Kernel Modules.
[[0;32m  OK  [0m] Mounted Huge Pages File System.
[[0;32m  OK  [0m] Mounted POSIX Message Queue File System.
[[0;32m  OK  [0m] Started Create list of required sta…vice nodes for the current kernel.
[[0;32m  OK  [0m] Mounted Kernel Debug File System.
[[0;32m  OK  [0m] Started Uncomplicated firewall.
         Starting Create Static Device Nodes in /dev...
         Mounting FUSE Control File System...
         Mounting Kernel Configuration File System...
         Starting Apply Kernel Variables...
[[0;32m  OK  [0m] Mounted FUSE Control File System.
[[0;32m  OK  [0m] Mounted Kernel Configuration File System.
[[0;32m  OK  [0m] Started LVM2 metadata daemon.
[[0;32m  OK  [[    6.398886] EXT4-fs (sda1): re-mounted. Opts: (null)
0m] Started udev Coldplug all Devices.
[[0;32m  OK  [0m] Started Remount Root and Kernel File Systems.
         Starting Load/Save Random Seed...
[[0;32m  OK  [0m] Started Journal Service.
[[0;32m  OK  [0m] Started Create Static Device Nodes in /dev.
         Starting udev Kernel Device Manager...
         Starting Flush Journal to Persistent Storage...
[[0;32m  OK  [0m] Started Load/Save Random Seed.
[[0;32m  OK  [0m] Started Apply Kernel Variables.
[[0;32m  OK  [0m] Started udev Kernel Device Manager.
[[0;32m  OK  [0m] Started Monitoring of LVM2 mirrors,…sing dmeventd or progress polling.
[[0;32m  OK  [0m] Started Set the console keyboard layout.
[[0;32m  OK  [0m] Started Dispatch Password Requests to Console Directory Watch.
[[0;32m  OK  [0m] Reached target Local Encrypted Volumes.
[[0;32m  OK  [0m] Reached target Local File Systems (Pre).
[[0;32m  OK  [0m] Reached target Local File Systems.
         Starting AppArmor initialization...
         Starting Set console font and keymap...
         Starting ebtables ruleset management...
         Starting Tell Plymouth To Write Out Runtime Data...
         Starting Commit a transient machine-id on disk...
[[0;32m  OK  [0m] Started Flush Journal to Persistent Storage.
         Starting Create Volatile Files and Directories...
[[0;32m  OK  [0m] Started Set console font and keymap.
[[0;32m  OK  [0m] Started Tell Plymouth To Write Out Runtime Data.
[[0;32m  OK  [0m] Started Create Volatile Files and Directories.
         Starting Update UTMP about System Boot/Shutdown...
[[0;32m  OK  [0m] Started Update UTMP about System Boot/Shutdown.
[[0;32m  OK  [0m] Started Commit a transient machine-id on disk.
[[0;32m  OK  [0m] Started ebtables ruleset management.
[[0;32m  OK  [0m] Found device /dev/ttyS0.
[[0;32m  OK  [0m] Listening on Load/Save RF Kill Switch Status /dev/rfkill Watch.
[[0;32m  OK  [0m] Started AppArmor initialization.
         Starting Initial cloud-init job (pre-networking)...
         Starting Load AppArmor profiles managed internally by snapd...
[[0;32m  OK  [0m] Started Load AppArmor profiles managed internally by snapd.
[    8.649858] cloud-init[568]: Cloud-init v. 20.4.1-0ubuntu1~18.04.1 running 'init-local' at Mon, 08 Feb 2021 20:51:07 +0000. Up 8.37 seconds.
[[0;32m  OK  [0m] Started Initial cloud-init job (pre-networking).
[[0;32m  OK  [0m] Reached target Network (Pre).
         Starting Network Service...
[[0;32m  OK  [0m] Started Network Service.
         Starting Wait for Network to be Configured...
         Starting Network Name Resolution...
[[0;32m  OK  [0m] Started Network Name Resolution.
[[0;32m  OK  [0m] Reached target Host and Network Name Lookups.
[[0;32m  OK  [0m] Reached target Network.
[[0;32m  OK  [0m] Started Wait for Network to be Configured.
         Starting Initial cloud-init job (metadata service crawler)...
[   10.539206] cloud-init[701]: Cloud-init v. 20.4.1-0ubuntu1~18.04.1 running 'init' at Mon, 08 Feb 2021 20:51:09 +0000. Up 10.43 seconds.
[   10.540390] cloud-init[701]: ci-info: ++++++++++++++++++++++++++++++++++++++Net device info++++++++++++++++++++++++++++++++++++++
[   10.542118] cloud-init[701]: ci-info: +--------+------+----------------------------+---------------+--------+-------------------+
[   10.543453] cloud-init[701]: ci-info: | Device |  Up  |          Address           |      Mask     | Scope  |     Hw-Address    |
[   10.544674] cloud-init[701]: ci-info: +--------+------+----------------------------+---------------+--------+-------------------+
[   10.545726] cloud-init[701]: ci-info: | enp0s3 | True |         10.0.2.15          | 255.255.255.0 | global | 02:ed:54:94:72:f1 |
[   10.546885] cloud-init[701]: ci-info: | enp0s3 | True | fe80::ed:54ff:fe94:72f1/64 |       .       |  link  | 02:ed:54:94:72:f1 |
[   10.548055] cloud-init[701]: ci-info: |   lo   | True |         127.0.0.1          |   255.0.0.0   |  host  |         .         |
[   10.549510] cloud-init[701]: ci-info: |   lo   | True |          ::1/128           |       .       |  host  |         .         |
[   10.550779] cloud-init[701]: ci-info: +--------+------+----------------------------+---------------+--------+-------------------+
[   10.551940] cloud-init[701]: ci-info: ++++++++++++++++++++++++++++Route IPv4 info+++++++++++++++++++++++++++++
[   10.552991] cloud-init[701]: ci-info: +-------+-------------+----------+-----------------+-----------+-------+
[   10.554007] cloud-init[701]: ci-info: | Route | Destination | Gateway  |     Genmask     | Interface | Flags |
[   10.554972] cloud-init[701]: ci-info: +-------+-------------+----------+-----------------+-----------+-------+
[   10.555841] cloud-init[701]: ci-info: |   0   |   0.0.0.0   | 10.0.2.2 |     0.0.0.0     |   enp0s3  |   UG  |
[   10.556774] cloud-init[701]: ci-info: |   1   |   10.0.2.0  | 0.0.0.0  |  255.255.255.0  |   enp0s3  |   U   |
[   10.557735] cloud-init[701]: ci-info: |   2   |   10.0.2.2  | 0.0.0.0  | 255.255.255.255 |   enp0s3  |   UH  |
[   10.558700] cloud-init[701]: ci-info: +-------+-------------+----------+-----------------+-----------+-------+
[   10.559628] cloud-init[701]: ci-info: +++++++++++++++++++Route IPv6 info+++++++++++++++++++
[   10.560497] cloud-init[701]: ci-info: +-------+-------------+---------+-----------+-------+
[   10.561303] cloud-init[701]: ci-info: | Route | Destination | Gateway | Interface | Flags |
[   10.576271] cloud-init[701]: ci-info: +-------+-------------+---------+-----------+-------+
[   10.576971] cloud-init[701]: ci-info: |   1   |  fe80::/64  |    ::   |   enp0s3  |   U   |
[   10.577935] cloud-init[701]: ci-info: |   3   |    local    |    ::   |   enp0s3  |   U   |
[   10.578822] cloud-init[701]: ci-info: |   4   |   ff00::/8  |    ::   |   enp0s3  |   U   |
[   10.579611] cloud-init[701]: ci-info: +-------+-------------+---------+-----------+-------+
[   11.383387] cloud-init[701]: Generating public/private rsa key pair.
[   11.384008] cloud-init[701]: Your identification has been saved in /etc/ssh/ssh_host_rsa_key.
[   11.384789] cloud-init[701]: Your public key has been saved in /etc/ssh/ssh_host_rsa_key.pub.
[   11.385690] cloud-init[701]: The key fingerprint is:
[   11.386303] cloud-init[701]: SHA256:YdUlgn5WLRMHgL+V0Q3i6A2CvwRw1lDAHuVXZzDeZts root@ubuntu-bionic
[   11.386908] cloud-init[701]: The key's randomart image is:
[   11.387394] cloud-init[701]: +---[RSA 2048]----+
[   11.387981] cloud-init[701]: |    ..=*oo+oOB*o |
[   11.388740] cloud-init[701]: |     +oo+. **Oo .|
[   11.389504] cloud-init[701]: |     .oo=.+.o=+  |
[   11.390113] cloud-init[701]: |      .+.=+ooo o |
[   11.390724] cloud-init[701]: |        So.o. . E|
[   11.391314] cloud-init[701]: |       . ..      |
[   11.391903] cloud-init[701]: |        .        |
[   11.392420] cloud-init[701]: |                 |
[   11.393001] cloud-init[701]: |                 |
[   11.393579] cloud-init[701]: +----[SHA256]-----+
[   11.394173] cloud-init[701]: Generating public/private dsa key pair.
[   11.394884] cloud-init[701]: Your identification has been saved in /etc/ssh/ssh_host_dsa_key.
[   11.395544] cloud-init[701]: Your public key has been saved in /etc/ssh/ssh_host_dsa_key.pub.
[   11.396454] cloud-init[701]: The key fingerprint is:
[   11.396837] cloud-init[701]: SHA256:14RSWwlayA/J2zYAn4bu5whZcI3OsEIGOZYN91HSjI0 root@ubuntu-bionic
[   11.397774] cloud-init[701]: The key's randomart image is:
[   11.398396] cloud-init[701]: +---[DSA 1024]----+
[   11.398750] cloud-init[701]: |.o+. oO= o+...   |
[   11.399348] cloud-init[701]: |o+...EoOB= +.    |
[   11.400017] cloud-init[701]: |..o o.+ B*o .    |
[   11.400853] cloud-init[701]: | o   O ...=o     |
[   11.401384] cloud-init[701]: |  . . = S....    |
[   11.401985] cloud-init[701]: |   . +   .       |
[   11.402577] cloud-init[701]: |    o . .        |
[   11.403163] cloud-init[701]: |     . +         |
[   11.403731] cloud-init[701]: |      . .        |
[   11.404598] cloud-init[701]: +----[SHA256]-----+
[   11.405537] cloud-init[701]: Generating public/private ecdsa key pair.
[   11.406657] cloud-init[701]: Your identification has been saved in /etc/ssh/ssh_host_ecdsa_key.
[   11.407822] cloud-init[701]: Your public key has been saved in /etc/ssh/ssh_host_ecdsa_key.pub.
[   11.408736] cloud-init[701]: The key fingerprint is:
[   11.409324] cloud-init[701]: SHA256:aGvypYgnJZIoH2cO1/m+DCudJhE48sBU/ubiJPSH+fI root@ubuntu-bionic
[   11.410222] cloud-init[701]: The key's randomart image is:
[   11.410865] cloud-init[701]: +---[ECDSA 256]---+
[   11.411424] cloud-init[701]: |  ..             |
[   11.411986] cloud-init[701]: | ..              |
[   11.412600] cloud-init[701]: |o  o             |
[   11.413171] cloud-init[701]: |o.o o  .         |
[   11.413734] cloud-init[701]: |.* . =o.S        |
[   11.414296] cloud-init[701]: |* * @.o.         |
[   11.414853] cloud-init[701]: |.+ /.=+o.        |
[   11.415420] cloud-init[701]: |  *oO=+*.        |
[   11.415998] cloud-init[701]: |  .++E+.+.       |
[   11.416606] cloud-init[701]: +----[SHA256]-----+
[   11.417168] cloud-init[701]: Generating public/private ed25519 key pair.
[   11.417885] cloud-init[701]: Your identification has been saved in /etc/ssh/ssh_host_ed25519_key.
[   11.418800] cloud-init[701]: Your public key has been saved in /etc/ssh/ssh_host_ed25519_key.pub.
[   11.419696] cloud-init[701]: The key fingerprint is:
[   11.420318] cloud-init[701]: SHA256:09yH/PiAeKKJjvB6739t7Xas6ujtcyi7J+Xz6dJec/o root@ubuntu-bionic
[   11.421250] cloud-init[701]: The key's randomart image is:
[   11.421880] cloud-init[701]: +--[ED25519 256]--+
[   11.422443] cloud-init[701]: |                 |
[[   11.429261] cloud-init[701]: |                 |
[   11.429805] cloud-init[701]: |                 |
[   11.430369] cloud-init[701]: |         o o .   |
[   11.430941] cloud-init[701]: |        S o + .  |
[   11.431467] cloud-init[701]: |         o.. +   |
[   11.432092] cloud-init[0;32m  OK  [0m] Started Initial cloud-init job (metadata service crawler).
[[0;32m  OK  [0m] Reached target System Initialization.
[[0;32m  OK  [0m] Listening on ACPID Listen Socket.
[701]: |.       o+o+o.+ .|
[   11.434271] cloud-init[701]: | o.. . o+=X ==o+ |
[   11.448237]          cloud-initStarting LXD - unix socket.[701]: 
|.oo+=.+o=X=%Boo.E|
[   11.448863] [[0;32m  OK  [0m] Started Daily apt download activities.
[[0;32m  OK  [0m] Started Daily Cleanup of Temporary Directories.
cloud-init[701]: [[0;32m  OK  [0m] Started ACPI Events Check.
[[0;32m  OK  [0m] Started Discard unused blocks once a week.
+----[SHA256]-----+
[[0;32m  OK  [0m] Listening on D-Bus System Message Bus Socket.
[[0;32m  OK  [0m] Started Message of the Day.
         Starting Socket activation for snappy daemon.
[[0;32m  OK  [0m] Started Daily apt upgrade and clean activities.
[[0;32m  OK  [0m] Reached target Timers.
[[0;32m  OK  [0m] Listening on UUID daemon activation socket.
[[0;32m  OK  [0m] Reached target Paths.
[[0;32m  OK  [0m] Listening on Open-iSCSI iscsid Socket.
[[0;32m  OK  [0m] Reached target Cloud-config availability.
[[0;32m  OK  [0m] Reached target Network is Online.
         Starting Availability of block devices...
[[0;32m  OK  [0m] Reached target Remote File Systems (Pre).
[[0;32m  OK  [0m] Reached target Remote File Systems.
[[0;32m  OK  [0m] Listening on LXD - unix socket.
[[0;32m  OK  [0m] Listening on Socket activation for snappy daemon.
[[0;32m  OK  [0m] Reached target Sockets.
[[0;32m  OK  [0m] Reached target Basic System.
         Starting LSB: Record successful boot for GRUB...
         Starting Permit User Sessions...
[[0;32m  OK  [0m] Started D-Bus System Message Bus.
[[0;32m  OK  [0m] Started Regular background program processing daemon.
[[0;32m  OK  [0m] Started FUSE filesystem for LXC.
         Starting Login Service...
         Starting LXD - container startup/shutdown...
         Starting Accounts Service...
         Starting Pollinate to seed the pseudo random number generator...
         Starting LSB: automatic crash report generation...
         Starting Dispatcher daemon for systemd-networkd...
[[0;32m  OK  [0m] Started irqbalance daemon.
         Starting System Logging Service...
[[0;32m  OK  [0m] Started Deferred execution scheduler.
         Starting Virtualbox guest utils...
         Starting Snap Daemon...
[[0;32m  OK  [0m] Started Availability of block devices.
[[0;32m  OK  [0m] Started Permit User Sessions.
[[0;32m  OK  [0m] Started Login Service.
         Starting Authorization Manager...
[[0;32m  OK  [0m] Started Unattended Upgrades Shutdown.
         Starting Hold until boot process finishes up...
         Starting Terminate Plymouth Boot Screen...
[[0;32m  OK  [0m] Started Hold until boot process finishes up.
         Starting Set console scheme...
[[0;32m  OK  [0m] Started Serial Getty on ttyS0.
[[0;32m  OK  [0m] Started Terminate Plymouth Boot Screen.
[[0;32m  OK  [0m] Started System Logging Service.
[[0;32m  OK  [0m] Started Authorization Manager.
[[0;32m  OK  [0m] Started Accounts Service.
[[0;32m  OK  [0m] Started Set console scheme.
[[0;32m  OK  [0m] Created slice system-getty.slice.
[[0;32m  OK  [0m] Started Getty on tty1.
[[0;32m  OK  [0m] Reached target Login Prompts.
[[0;32m  OK  [0m] Started LSB: Record successful boot for GRUB.
[[0;32m  OK  [0m] Started LSB: automatic crash report generation.
[[0;32m  OK  [0m] Started LXD - container startup/shutdown.
[[0;32m  OK  [0m] Started Virtualbox guest utils.
[[0;32m  OK  [0m] Started Dispatcher daemon for systemd-networkd.
[[0;32m  OK  [0m] Started Snap Daemon.
         Starting Wait until snapd is fully seeded...
[[0;32m  OK  [0m] Started Pollinate to seed the pseudo random number generator.
         Starting OpenBSD Secure Shell server...
[[0;32m  OK  [0m] Started OpenBSD Secure Shell server.
[[0;32m  OK  [0m] Created slice User Slice of vagrant.
         Starting User Manager for UID 1000...
[[0;32m  OK  [0m] Started Session 1 of user vagrant.
[[0;32m  OK  [0m] Started Wait until snapd is fully seeded.
         Starting Apply the settings specified in cloud-config...
[[0;32m  OK  [0m] Reached target Multi-User System.
[[0;32m  OK  [0m] Reached target Graphical Interface.
         Starting Update UTMP about System Runlevel Changes...
[[0;32m  OK  [0m] Started Update UTMP about System Runlevel Changes.
[[0;32m  OK  [0m] Started User Manager for UID 1000.
[   14.695415] cloud-init[1266]: Cloud-init v. 20.4.1-0ubuntu1~18.04.1 running 'modules:config' at Mon, 08 Feb 2021 20:51:13 +0000. Up 14.29 seconds.
[[0;32m  OK  [0m] Started Apply the settings specified in cloud-config.
         Starting Execute cloud user/final scripts...
ci-info: no authorized SSH keys fingerprints found for user ubuntu.
<14>Feb  8 20:51:14 ec2: 
<14>Feb  8 20:51:14 ec2: #############################################################
<14>Feb  8 20:51:14 ec2: -----BEGIN SSH HOST KEY FINGERPRINTS-----
<14>Feb  8 20:51:14 ec2: 1024 SHA256:14RSWwlayA/J2zYAn4bu5whZcI3OsEIGOZYN91HSjI0 root@ubuntu-bionic (DSA)
<14>Feb  8 20:51:14 ec2: 256 SHA256:aGvypYgnJZIoH2cO1/m+DCudJhE48sBU/ubiJPSH+fI root@ubuntu-bionic (ECDSA)
<14>Feb  8 20:51:14 ec2: 256 SHA256:09yH/PiAeKKJjvB6739t7Xas6ujtcyi7J+Xz6dJec/o root@ubuntu-bionic (ED25519)
<14>Feb  8 20:51:14 ec2: 2048 SHA256:YdUlgn5WLRMHgL+V0Q3i6A2CvwRw1lDAHuVXZzDeZts root@ubuntu-bionic (RSA)
<14>Feb  8 20:51:14 ec2: -----END SSH HOST KEY FINGERPRINTS-----
<14>Feb  8 20:51:14 ec2: #############################################################
-----BEGIN SSH HOST KEY KEYS-----
ecdsa-sha2-nistp256 AAAAE2VjZHNhLXNoYTItbmlzdHAyNTYAAAAIbmlzdHAyNTYAAABBBLyVZ8GBB3JDKbslePW3ji4Tcop4Y9Z4+mlD5vOhBvi2YdeLs0WyuBfUCPaFIsc6FGTvAC8LNEkYlSLdCr13ZwA= root@ubuntu-bionic
ssh-ed25519 AAAAC3NzaC1lZDI1NTE5AAAAIDYEvHDU3QFUApb8kG2HI4tKFnE0GxyAIiEtDOufNq02 root@ubuntu-bionic
ssh-rsa AAAAB3NzaC1yc2EAAAADAQABAAABAQD1yCi8giNG5mwy8MG5ThNFugmcB41man7qKQ1c9m6WwlaBiJ1Wd7/ujCklRMkI/ugpRJVdglUMNYVxqp9ln4mpI7HlzkWL6Ytzp33eCEFoQ9wo+H5kSX9GEXIXVqkYGgsyQB0QjspQYl4Bo0DfPlg1eppf8MDiOVj6zS4wPLq4qcAp3ppGajZo2Fj780+1JUKDXfnbg038o/Ujv8YnD2yCFmmuDDYklcrZMnpkNQtZ8o0CIZEaxd60pPGAjv7an1lyqa2KMzvihMrL/CJjGYZhw7eQ20OKdxsh+4CnSVuepLHPF7sVLq8BifhdFdtOU/3sTvChWTLEDfMJ4brgc3zx root@ubuntu-bionic
-----END SSH HOST KEY KEYS-----
[   15.282669] cloud-init[1360]: Cloud-init v. 20.4.1-0ubuntu1~18.04.1 running 'modules:final' at Mon, 08 Feb 2021 20:51:14 +0000. Up 15.08 seconds.
[   15.284024] cloud-init[1360]: ci-info: no authorized SSH keys fingerprints found for user ubuntu.
[   15.285053] cloud-init[1360]: Cloud-init v. 20.4.1-0ubuntu1~18.04.1 finished at Mon, 08 Feb 2021 20:51:14 +0000. Datasource DataSourceNoCloud [seed=/dev/sdb][dsmode=net].  Up 15.27 seconds
[[0;32m  OK  [0m] Started Execute cloud user/final scripts.
[[0;32m  OK  [0m] Reached target Cloud-init target.

Ubuntu 18.04.5 LTS ubuntu-bionic ttyS0

ubuntu-bionic login: 